<testsuite name="api.users_api.Users REST API" tests="11" errors="0" failures="0" skipped="0" time="0.355221" timestamp="2026-07-01T16:18:26.964684" hostname="MathiasLaptop"><testcase classname="api.users_api.Users REST API" name="Health check" status="passed" time="0.057652"><system-out>
<![CDATA[
@scenario.begin

  @smoke
  Scenario: Health check
    Given the API server is running ... passed in 0.028s
    And the users database is empty ... passed in 0.014s
    When I send a GET request to "/api/health" ... passed in 0.015s
    Then the response status should be 200 ... passed in 0.000s
    And the response field "status" should be "ok" ... passed in 0.000s

@scenario.end
--------------------------------------------------------------------------------
]]>
</system-out></testcase><testcase classname="api.users_api.Users REST API" name="Create a user with a data table" status="passed" time="0.010531"><system-out>
<![CDATA[
@scenario.begin

  @smoke
  Scenario: Create a user with a data table
    Given the API server is running ... passed in 0.003s
    And the users database is empty ... passed in 0.003s
    When I send a POST request to "/api/users" with: ... passed in 0.004s
      | field | value            |
      | name  | Test User        |
      | email | test@example.com |
      | role  | admin            |
    Then the response status should be 201 ... passed in 0.000s
    And the response should contain "id" ... passed in 0.000s
    And the response field "name" should be "Test User" ... passed in 0.000s
    And the response field "email" should be "test@example.com" ... passed in 0.000s

@scenario.end
--------------------------------------------------------------------------------
]]>
</system-out></testcase><testcase classname="api.users_api.Users REST API" name="Create a user without required fields" status="passed" time="0.027999"><system-out>
<![CDATA[
@scenario.begin

  @negative
  Scenario: Create a user without required fields
    Given the API server is running ... passed in 0.003s
    And the users database is empty ... passed in 0.020s
    When I send a POST request to "/api/users" with: ... passed in 0.004s
      | field | value |
      | name  |       |
      | email |       |
    Then the response status should be 400 ... passed in 0.000s
    And the response field "error" should be "name and email are required" ... passed in 0.000s

@scenario.end
--------------------------------------------------------------------------------
]]>
</system-out></testcase><testcase classname="api.users_api.Users REST API" name="Duplicate email is rejected" status="passed" time="0.042558"><system-out>
<![CDATA[
@scenario.begin

  @negative
  Scenario: Duplicate email is rejected
    Given the API server is running ... passed in 0.022s
    And the users database is empty ... passed in 0.014s
    Given a user exists with email "dup@example.com" ... passed in 0.003s
    When I send a POST request to "/api/users" with: ... passed in 0.003s
      | field | value           |
      | name  | Another User    |
      | email | dup@example.com |
    Then the response status should be 409 ... passed in 0.000s
    And the response field "error" should be "email already exists" ... passed in 0.000s

@scenario.end
--------------------------------------------------------------------------------
]]>
</system-out></testcase><testcase classname="api.users_api.Users REST API" name="List users with pagination" status="passed" time="0.03629"><system-out>
<![CDATA[
@scenario.begin
  Scenario: List users with pagination
    Given the API server is running ... passed in 0.003s
    And the users database is empty ... passed in 0.020s
    Given the following users exist: ... passed in 0.009s
      | name   | email          | role   |
      | User 1 | u1@example.com | viewer |
      | User 2 | u2@example.com | viewer |
      | User 3 | u3@example.com | viewer |
    When I send a GET request to "/api/users?page=1&limit=2" ... passed in 0.004s
    Then the response status should be 200 ... passed in 0.000s
    And the response should contain at most 2 items ... passed in 0.000s
    And the response field "total" should be 3 ... passed in 0.000s

@scenario.end
--------------------------------------------------------------------------------
]]>
</system-out></testcase><testcase classname="api.users_api.Users REST API" name="Get a user by id" status="passed" time="0.043014"><system-out>
<![CDATA[
@scenario.begin
  Scenario: Get a user by id
    Given the API server is running ... passed in 0.023s
    And the users database is empty ... passed in 0.013s
    Given a user exists with email "getme@example.com" ... passed in 0.004s
    When I send a GET request to the created user endpoint ... passed in 0.003s
    Then the response status should be 200 ... passed in 0.000s
    And the response field "email" should be "getme@example.com" ... passed in 0.000s

@scenario.end
--------------------------------------------------------------------------------
]]>
</system-out></testcase><testcase classname="api.users_api.Users REST API" name="Delete a user returns 204" status="passed" time="0.036036"><system-out>
<![CDATA[
@scenario.begin
  Scenario: Delete a user returns 204
    Given the API server is running ... passed in 0.002s
    And the users database is empty ... passed in 0.006s
    Given a user exists with email "deleteme@example.com" ... passed in 0.003s
    When I send a DELETE request to the created user endpoint ... passed in 0.024s
    Then the response status should be 204 ... passed in 0.000s

@scenario.end
--------------------------------------------------------------------------------
]]>
</system-out></testcase><testcase classname="api.users_api.Users REST API" name="Get a non-existent user returns 404" status="passed" time="0.0292"><system-out>
<![CDATA[
@scenario.begin

  @negative
  Scenario: Get a non-existent user returns 404
    Given the API server is running ... passed in 0.002s
    And the users database is empty ... passed in 0.024s
    When I send a GET request to "/api/users/9999" ... passed in 0.003s
    Then the response status should be 404 ... passed in 0.000s
    And the response field "error" should be "not found" ... passed in 0.000s

@scenario.end
--------------------------------------------------------------------------------
]]>
</system-out></testcase><testcase classname="api.users_api.Users REST API" name="Role-based user creation -- @1.1 " status="passed" time="0.00925"><system-out>
<![CDATA[
@scenario.begin
  Scenario Outline: Role-based user creation -- @1.1 
    Given the API server is running ... passed in 0.003s
    And the users database is empty ... passed in 0.002s
    When I send a POST request to "/api/users" with: ... passed in 0.004s
      | field | value              |
      | name  | Admin 1            |
      | email | admin1@example.com |
      | role  | admin              |
    Then the response status should be 201 ... passed in 0.000s
    And the response field "role" should be "admin" ... passed in 0.000s

@scenario.end
--------------------------------------------------------------------------------
]]>
</system-out></testcase><testcase classname="api.users_api.Users REST API" name="Role-based user creation -- @1.2 " status="passed" time="0.012182"><system-out>
<![CDATA[
@scenario.begin
  Scenario Outline: Role-based user creation -- @1.2 
    Given the API server is running ... passed in 0.003s
    And the users database is empty ... passed in 0.006s
    When I send a POST request to "/api/users" with: ... passed in 0.003s
      | field | value             |
      | name  | Editor 1          |
      | email | edit1@example.com |
      | role  | editor            |
    Then the response status should be 201 ... passed in 0.000s
    And the response field "role" should be "editor" ... passed in 0.000s

@scenario.end
--------------------------------------------------------------------------------
]]>
</system-out></testcase><testcase classname="api.users_api.Users REST API" name="Role-based user creation -- @1.3 " status="passed" time="0.050508"><system-out>
<![CDATA[
@scenario.begin
  Scenario Outline: Role-based user creation -- @1.3 
    Given the API server is running ... passed in 0.003s
    And the users database is empty ... passed in 0.021s
    When I send a POST request to "/api/users" with: ... passed in 0.026s
      | field | value             |
      | name  | Viewer 1          |
      | email | view1@example.com |
      | role  | viewer            |
    Then the response status should be 201 ... passed in 0.000s
    And the response field "role" should be "viewer" ... passed in 0.000s

@scenario.end
--------------------------------------------------------------------------------
]]>
</system-out></testcase></testsuite>