<testsuite name="shopping_cart.shopping_cart.Shopping cart" tests="6" errors="0" failures="0" skipped="0" time="0.007688" timestamp="2026-07-01T16:18:27.376037" hostname="MathiasLaptop"><testcase classname="shopping_cart.shopping_cart.Shopping cart" name="Adding items from a data table" status="passed" time="0.001078"><system-out>
<![CDATA[
@scenario.begin

  @smoke
  Scenario: Adding items from a data table
    Given I have an empty shopping cart ... passed in 0.000s
    When I add the following items to the cart: ... passed in 0.000s
      | name   | price | quantity |
      | Apple  | 0.50  | 3        |
      | Banana | 0.30  | 2        |
      | Milk   | 1.20  | 1        |
    Then the cart should contain 6 items ... passed in 0.000s
    And the subtotal should be 3.30 ... passed in 0.000s

@scenario.end
--------------------------------------------------------------------------------
]]>
</system-out></testcase><testcase classname="shopping_cart.shopping_cart.Shopping cart" name="Discount and tax calculation -- @1.1 " status="passed" time="0.001512"><system-out>
<![CDATA[
@scenario.begin

  @math
  Scenario Outline: Discount and tax calculation -- @1.1 
    Given I have an empty shopping cart ... passed in 0.000s
    Given the cart has a discount of 0% and a tax of 0% ... passed in 0.000s
    When I add the following items to the cart: ... passed in 0.000s
      | name | price | quantity |
      | Book | 20.00 | 2        |
    Then the subtotal should be 40.00 ... passed in 0.000s
    And the discount amount should be 0.00 ... passed in 0.000s
    And the tax amount should be 0.00 ... passed in 0.000s
    And the total should be 40.00 ... passed in 0.000s

@scenario.end
--------------------------------------------------------------------------------
]]>
</system-out></testcase><testcase classname="shopping_cart.shopping_cart.Shopping cart" name="Discount and tax calculation -- @1.2 " status="passed" time="0.001623"><system-out>
<![CDATA[
@scenario.begin

  @math
  Scenario Outline: Discount and tax calculation -- @1.2 
    Given I have an empty shopping cart ... passed in 0.000s
    Given the cart has a discount of 10% and a tax of 10% ... passed in 0.000s
    When I add the following items to the cart: ... passed in 0.000s
      | name | price | quantity |
      | Book | 20.00 | 2        |
    Then the subtotal should be 40.00 ... passed in 0.000s
    And the discount amount should be 4.00 ... passed in 0.000s
    And the tax amount should be 3.60 ... passed in 0.000s
    And the total should be 39.60 ... passed in 0.000s

@scenario.end
--------------------------------------------------------------------------------
]]>
</system-out></testcase><testcase classname="shopping_cart.shopping_cart.Shopping cart" name="Discount and tax calculation -- @1.3 " status="passed" time="0.001666"><system-out>
<![CDATA[
@scenario.begin

  @math
  Scenario Outline: Discount and tax calculation -- @1.3 
    Given I have an empty shopping cart ... passed in 0.000s
    Given the cart has a discount of 25% and a tax of 5% ... passed in 0.000s
    When I add the following items to the cart: ... passed in 0.000s
      | name | price | quantity |
      | Book | 20.00 | 2        |
    Then the subtotal should be 40.00 ... passed in 0.000s
    And the discount amount should be 10.00 ... passed in 0.000s
    And the tax amount should be 1.50 ... passed in 0.000s
    And the total should be 31.50 ... passed in 0.000s

@scenario.end
--------------------------------------------------------------------------------
]]>
</system-out></testcase><testcase classname="shopping_cart.shopping_cart.Shopping cart" name="Removing an item that does not exist" status="passed" time="0.001091"><system-out>
<![CDATA[
@scenario.begin

  @negative
  Scenario: Removing an item that does not exist
    Given I have an empty shopping cart ... passed in 0.000s
    When I add the following items to the cart: ... passed in 0.000s
      | name | price | quantity |
      | Pen  | 1.50  | 2        |
    And I remove "Notebook" from the cart ... passed in 0.000s
    Then the cart should contain 2 items ... passed in 0.000s
    And the subtotal should be 3.00 ... passed in 0.000s

@scenario.end
--------------------------------------------------------------------------------
]]>
</system-out></testcase><testcase classname="shopping_cart.shopping_cart.Shopping cart" name="Receipt preview via DocString" status="passed" time="0.000719"><system-out>
<![CDATA[
@scenario.begin

  @docstring
  Scenario: Receipt preview via DocString
    Given I have an empty shopping cart ... passed in 0.000s
    When I add the following items to the cart: ... passed in 0.000s
      | name | price | quantity |
      | Pen  | 1.50  | 2        |
      | Book | 12.00 | 1        |
    Then the receipt should be: ... passed in 0.000s
      """
      === RECEIPT ===
      Pen   x2 = 3.00
      Book  x1 = 12.00
      ----------------
      TOTAL: 15.00
      """

@scenario.end
--------------------------------------------------------------------------------
]]>
</system-out></testcase></testsuite>