<testsuite name="api.users_api.Users REST API" tests="11" errors="0" failures="0" skipped="0" time="0.548555" timestamp="2026-07-01T15:25:40.573984" hostname="MathiasLaptop"><testcase classname="api.users_api.Users REST API" name="Health check" status="passed" time="0.06587"><system-out>
<![CDATA[
@scenario.begin

  @smoke
  Scenario: Health check
    Given the API server is running ... passed in 0.037s
    And the users database is empty ... passed in 0.006s
    When I send a GET request to "/api/health" ... passed in 0.022s
    Then the response status should be 200 ... passed in 0.000s
    And the response field "status" should be "ok" ... passed in 0.000s

@scenario.end
--------------------------------------------------------------------------------
]]>
</system-out></testcase><testcase classname="api.users_api.Users REST API" name="Create a user with a data table" status="passed" time="0.053597"><system-out>
<![CDATA[
@scenario.begin

  @smoke
  Scenario: Create a user with a data table
    Given the API server is running ... passed in 0.040s
    And the users database is empty ... passed in 0.007s
    When I send a POST request to "/api/users" with: ... passed in 0.005s
      | field | value            |
      | name  | Test User        |
      | email | test@example.com |
      | role  | admin            |
    Then the response status should be 201 ... passed in 0.000s
    And the response should contain "id" ... passed in 0.000s
    And the response field "name" should be "Test User" ... passed in 0.000s
    And the response field "email" should be "test@example.com" ... passed in 0.000s

@scenario.end
--------------------------------------------------------------------------------
]]>
</system-out></testcase><testcase classname="api.users_api.Users REST API" name="Create a user without required fields" status="passed" time="0.10282"><system-out>
<![CDATA[
@scenario.begin

  @negative
  Scenario: Create a user without required fields
    Given the API server is running ... passed in 0.022s
    And the users database is empty ... passed in 0.073s
    When I send a POST request to "/api/users" with: ... passed in 0.007s
      | field | value |
      | name  |       |
      | email |       |
    Then the response status should be 400 ... passed in 0.001s
    And the response field "error" should be "name and email are required" ... passed in 0.000s

@scenario.end
--------------------------------------------------------------------------------
]]>
</system-out></testcase><testcase classname="api.users_api.Users REST API" name="Duplicate email is rejected" status="passed" time="0.051798"><system-out>
<![CDATA[
@scenario.begin

  @negative
  Scenario: Duplicate email is rejected
    Given the API server is running ... passed in 0.004s
    And the users database is empty ... passed in 0.005s
    Given a user exists with email "dup@example.com" ... passed in 0.038s
    When I send a POST request to "/api/users" with: ... passed in 0.003s
      | field | value           |
      | name  | Another User    |
      | email | dup@example.com |
    Then the response status should be 409 ... passed in 0.000s
    And the response field "error" should be "email already exists" ... passed in 0.000s

@scenario.end
--------------------------------------------------------------------------------
]]>
</system-out></testcase><testcase classname="api.users_api.Users REST API" name="List users with pagination" status="passed" time="0.080282"><system-out>
<![CDATA[
@scenario.begin
  Scenario: List users with pagination
    Given the API server is running ... passed in 0.018s
    And the users database is empty ... passed in 0.019s
    Given the following users exist: ... passed in 0.014s
      | name   | email          | role   |
      | User 1 | u1@example.com | viewer |
      | User 2 | u2@example.com | viewer |
      | User 3 | u3@example.com | viewer |
    When I send a GET request to "/api/users?page=1&limit=2" ... passed in 0.028s
    Then the response status should be 200 ... passed in 0.000s
    And the response should contain at most 2 items ... passed in 0.000s
    And the response field "total" should be 3 ... passed in 0.000s

@scenario.end
--------------------------------------------------------------------------------
]]>
</system-out></testcase><testcase classname="api.users_api.Users REST API" name="Get a user by id" status="passed" time="0.060619"><system-out>
<![CDATA[
@scenario.begin
  Scenario: Get a user by id
    Given the API server is running ... passed in 0.003s
    And the users database is empty ... passed in 0.042s
    Given a user exists with email "getme@example.com" ... passed in 0.007s
    When I send a GET request to the created user endpoint ... passed in 0.007s
    Then the response status should be 200 ... passed in 0.001s
    And the response field "email" should be "getme@example.com" ... passed in 0.000s

@scenario.end
--------------------------------------------------------------------------------
]]>
</system-out></testcase><testcase classname="api.users_api.Users REST API" name="Delete a user returns 204" status="passed" time="0.036233"><system-out>
<![CDATA[
@scenario.begin
  Scenario: Delete a user returns 204
    Given the API server is running ... passed in 0.004s
    And the users database is empty ... passed in 0.011s
    Given a user exists with email "deleteme@example.com" ... passed in 0.016s
    When I send a DELETE request to the created user endpoint ... passed in 0.004s
    Then the response status should be 204 ... passed in 0.001s

@scenario.end
--------------------------------------------------------------------------------
]]>
</system-out></testcase><testcase classname="api.users_api.Users REST API" name="Get a non-existent user returns 404" status="passed" time="0.014775"><system-out>
<![CDATA[
@scenario.begin

  @negative
  Scenario: Get a non-existent user returns 404
    Given the API server is running ... passed in 0.006s
    And the users database is empty ... passed in 0.004s
    When I send a GET request to "/api/users/9999" ... passed in 0.004s
    Then the response status should be 404 ... passed in 0.000s
    And the response field "error" should be "not found" ... passed in 0.001s

@scenario.end
--------------------------------------------------------------------------------
]]>
</system-out></testcase><testcase classname="api.users_api.Users REST API" name="Role-based user creation -- @1.1 " status="passed" time="0.016423"><system-out>
<![CDATA[
@scenario.begin
  Scenario Outline: Role-based user creation -- @1.1 
    Given the API server is running ... passed in 0.004s
    And the users database is empty ... passed in 0.004s
    When I send a POST request to "/api/users" with: ... passed in 0.007s
      | field | value              |
      | name  | Admin 1            |
      | email | admin1@example.com |
      | role  | admin              |
    Then the response status should be 201 ... passed in 0.000s
    And the response field "role" should be "admin" ... passed in 0.000s

@scenario.end
--------------------------------------------------------------------------------
]]>
</system-out></testcase><testcase classname="api.users_api.Users REST API" name="Role-based user creation -- @1.2 " status="passed" time="0.041821"><system-out>
<![CDATA[
@scenario.begin
  Scenario Outline: Role-based user creation -- @1.2 
    Given the API server is running ... passed in 0.006s
    And the users database is empty ... passed in 0.031s
    When I send a POST request to "/api/users" with: ... passed in 0.004s
      | field | value             |
      | name  | Editor 1          |
      | email | edit1@example.com |
      | role  | editor            |
    Then the response status should be 201 ... passed in 0.000s
    And the response field "role" should be "editor" ... passed in 0.000s

@scenario.end
--------------------------------------------------------------------------------
]]>
</system-out></testcase><testcase classname="api.users_api.Users REST API" name="Role-based user creation -- @1.3 " status="passed" time="0.024318"><system-out>
<![CDATA[
@scenario.begin
  Scenario Outline: Role-based user creation -- @1.3 
    Given the API server is running ... passed in 0.005s
    And the users database is empty ... passed in 0.009s
    When I send a POST request to "/api/users" with: ... passed in 0.010s
      | field | value             |
      | name  | Viewer 1          |
      | email | view1@example.com |
      | role  | viewer            |
    Then the response status should be 201 ... passed in 0.000s
    And the response field "role" should be "viewer" ... passed in 0.000s

@scenario.end
--------------------------------------------------------------------------------
]]>
</system-out></testcase></testsuite>