<testsuite name="string_utils.string_utils.String utilities" tests="10" errors="0" failures="0" skipped="0" time="0.0" timestamp="2026-07-01T16:18:27.416936" hostname="MathiasLaptop"><testcase classname="string_utils.string_utils.String utilities" name="A simple palindrome" status="passed" time="0.001437"><system-out>
<![CDATA[
@scenario.begin
  Example: A simple palindrome
    Given I have the string utilities ... passed in 0.000s
    When I reverse the string "racecar" ... passed in 0.001s
    Then the reversed string should be "racecar" ... passed in 0.000s
    And the string "racecar" should be a palindrome ... passed in 0.000s

@scenario.end
--------------------------------------------------------------------------------
]]>
</system-out></testcase><testcase classname="string_utils.string_utils.String utilities" name="A palindrome with mixed case and punctuation" status="passed" time="0.000849"><system-out>
<![CDATA[
@scenario.begin
  Example: A palindrome with mixed case and punctuation
    Given I have the string utilities ... passed in 0.000s
    When I reverse the string "A man, a plan, a canal: Panama" ... passed in 0.000s
    Then the string "A man, a plan, a canal: Panama" should be a palindrome ... passed in 0.000s

@scenario.end
--------------------------------------------------------------------------------
]]>
</system-out></testcase><testcase classname="string_utils.string_utils.String utilities" name="A non-palindrome" status="passed" time="0.001315"><system-out>
<![CDATA[
@scenario.begin
  Example: A non-palindrome
    Given I have the string utilities ... passed in 0.000s
    When I reverse the string "behave" ... passed in 0.000s
    Then the reversed string should be "evaheb" ... passed in 0.000s
    But the string "behave" should not be a palindrome ... passed in 0.000s

@scenario.end
--------------------------------------------------------------------------------
]]>
</system-out></testcase><testcase classname="string_utils.string_utils.String utilities" name="Counting vowels in a word" status="passed" time="0.000727"><system-out>
<![CDATA[
@scenario.begin
  Example: Counting vowels in a word
    When I count the vowels in "Education" ... passed in 0.000s
    Then the vowel count should be 5 ... passed in 0.000s

@scenario.end
--------------------------------------------------------------------------------
]]>
</system-out></testcase><testcase classname="string_utils.string_utils.String utilities" name="Vowel counting across inputs -- @1.1 " status="passed" time="0.00078"><system-out>
<![CDATA[
@scenario.begin
  Scenario Outline: Vowel counting across inputs -- @1.1 
    When I count the vowels in "sky" ... passed in 0.001s
    Then the vowel count should be 0 ... passed in 0.000s

@scenario.end
--------------------------------------------------------------------------------
]]>
</system-out></testcase><testcase classname="string_utils.string_utils.String utilities" name="Vowel counting across inputs -- @1.2 " status="passed" time="0.000767"><system-out>
<![CDATA[
@scenario.begin
  Scenario Outline: Vowel counting across inputs -- @1.2 
    When I count the vowels in "AEIOU" ... passed in 0.000s
    Then the vowel count should be 5 ... passed in 0.000s

@scenario.end
--------------------------------------------------------------------------------
]]>
</system-out></testcase><testcase classname="string_utils.string_utils.String utilities" name="Vowel counting across inputs -- @1.3 " status="passed" time="0.000625"><system-out>
<![CDATA[
@scenario.begin
  Scenario Outline: Vowel counting across inputs -- @1.3 
    When I count the vowels in "Python" ... passed in 0.000s
    Then the vowel count should be 1 ... passed in 0.000s

@scenario.end
--------------------------------------------------------------------------------
]]>
</system-out></testcase><testcase classname="string_utils.string_utils.String utilities" name="Vowel counting across inputs -- @1.4 " status="passed" time="0.000725"><system-out>
<![CDATA[
@scenario.begin
  Scenario Outline: Vowel counting across inputs -- @1.4 
    When I count the vowels in "queueing" ... passed in 0.000s
    Then the vowel count should be 5 ... passed in 0.000s

@scenario.end
--------------------------------------------------------------------------------
]]>
</system-out></testcase><testcase classname="string_utils.string_utils.String utilities" name="Title case conversion" status="passed" time="0.000755"><system-out>
<![CDATA[
@scenario.begin
  Example: Title case conversion
    When I convert "the quick brown fox" to title case ... passed in 0.001s
    Then the result should be "The Quick Brown Fox" ... passed in 0.000s

@scenario.end
--------------------------------------------------------------------------------
]]>
</system-out></testcase><testcase classname="string_utils.string_utils.String utilities" name="Slugify conversion" status="passed" time="0.000715"><system-out>
<![CDATA[
@scenario.begin
  Example: Slugify conversion
    When I slugify "Hello World! This is Behave 101" ... passed in 0.001s
    Then the result should be "hello-world-this-is-behave-101" ... passed in 0.000s

@scenario.end
--------------------------------------------------------------------------------
]]>
</system-out></testcase></testsuite>