<testsuite name="async.async_steps.Async step support" tests="6" errors="0" failures="0" skipped="0" time="0.312496" timestamp="2026-07-01T15:25:40.913898" hostname="MathiasLaptop"><testcase classname="async.async_steps.Async step support" name="Fetching a value asynchronously" status="passed" time="0.05834"><system-out>
<![CDATA[
@scenario.begin

  @smoke
  Scenario: Fetching a value asynchronously
    When I asynchronously fetch the value for "hello" ... passed in 0.058s
    Then the async result should be "world" ... passed in 0.000s

@scenario.end
--------------------------------------------------------------------------------
]]>
</system-out></testcase><testcase classname="async.async_steps.Async step support" name="Async fetch with multiple keys -- @1.1 " status="passed" time="0.060879"><system-out>
<![CDATA[
@scenario.begin
  Scenario Outline: Async fetch with multiple keys -- @1.1 
    When I asynchronously fetch the value for "hello" ... passed in 0.060s
    Then the async result should be "world" ... passed in 0.000s

@scenario.end
--------------------------------------------------------------------------------
]]>
</system-out></testcase><testcase classname="async.async_steps.Async step support" name="Async fetch with multiple keys -- @1.2 " status="passed" time="0.05339"><system-out>
<![CDATA[
@scenario.begin
  Scenario Outline: Async fetch with multiple keys -- @1.2 
    When I asynchronously fetch the value for "behave" ... passed in 0.053s
    Then the async result should be "rocks" ... passed in 0.000s

@scenario.end
--------------------------------------------------------------------------------
]]>
</system-out></testcase><testcase classname="async.async_steps.Async step support" name="Async fetch with multiple keys -- @1.3 " status="passed" time="0.05847"><system-out>
<![CDATA[
@scenario.begin
  Scenario Outline: Async fetch with multiple keys -- @1.3 
    When I asynchronously fetch the value for "python" ... passed in 0.058s
    Then the async result should be "3.12" ... passed in 0.000s

@scenario.end
--------------------------------------------------------------------------------
]]>
</system-out></testcase><testcase classname="async.async_steps.Async step support" name="Async fetch with multiple keys -- @1.4 " status="passed" time="0.060333"><system-out>
<![CDATA[
@scenario.begin
  Scenario Outline: Async fetch with multiple keys -- @1.4 
    When I asynchronously fetch the value for "unknown" ... passed in 0.060s
    Then the async result should be "<unknown>" ... passed in 0.000s

@scenario.end
--------------------------------------------------------------------------------
]]>
</system-out></testcase><testcase classname="async.async_steps.Async step support" name="Doubling a number asynchronously" status="passed" time="0.021084"><system-out>
<![CDATA[
@scenario.begin

  @smoke
  Scenario: Doubling a number asynchronously
    When I asynchronously double the number 21 ... passed in 0.021s
    Then the async result should be 42 ... passed in 0.000s

@scenario.end
--------------------------------------------------------------------------------
]]>
</system-out></testcase></testsuite>