<testsuite name="calculator.calculator.Calculator" tests="11" errors="0" failures="0" skipped="0" time="0.021093" timestamp="2026-07-01T15:25:41.006397" hostname="MathiasLaptop"><testcase classname="calculator.calculator.Calculator" name="Adding two numbers" status="passed" time="0.002198"><system-out>
<![CDATA[
@scenario.begin

  @smoke
  Scenario: Adding two numbers
    Given I have a calculator ... passed in 0.000s
    And the calculator is reset ... passed in 0.000s
    When I add 5 to the calculator ... passed in 0.000s
    And I add 3 to the calculator ... passed in 0.000s
    Then the result should be 8 ... passed in 0.000s
    And the last operation should be "add" ... passed in 0.000s

@scenario.end
--------------------------------------------------------------------------------
]]>
</system-out></testcase><testcase classname="calculator.calculator.Calculator" name="Division by zero raises an error" status="passed" time="0.00161"><system-out>
<![CDATA[
@scenario.begin

  @negative
  Scenario: Division by zero raises an error
    Given I have a calculator ... passed in 0.000s
    And the calculator is reset ... passed in 0.000s
    When I add 10 to the calculator ... passed in 0.000s
    And I divide the calculator by 0 ... passed in 0.001s
    Then a ZeroDivisionError should be raised ... passed in 0.000s

@scenario.end
--------------------------------------------------------------------------------
]]>
</system-out></testcase><testcase classname="calculator.calculator.Calculator" name="Arithmetic operations with two operands -- @1.1 Basic arithmetic" status="passed" time="0.001877"><system-out>
<![CDATA[
@scenario.begin

  @smoke
  Scenario Outline: Arithmetic operations with two operands -- @1.1 Basic arithmetic
    Given I have a calculator ... passed in 0.000s
    And the calculator is reset ... passed in 0.000s
    Given the calculator accumulator is 0 ... passed in 0.000s
    When I add 5 to the calculator ... passed in 0.000s
    Then the result should be 5 ... passed in 0.000s
    And the last operation should be "add" ... passed in 0.000s

@scenario.end
--------------------------------------------------------------------------------
]]>
</system-out></testcase><testcase classname="calculator.calculator.Calculator" name="Arithmetic operations with two operands -- @1.2 Basic arithmetic" status="passed" time="0.001558"><system-out>
<![CDATA[
@scenario.begin

  @smoke
  Scenario Outline: Arithmetic operations with two operands -- @1.2 Basic arithmetic
    Given I have a calculator ... passed in 0.000s
    And the calculator is reset ... passed in 0.000s
    Given the calculator accumulator is 10 ... passed in 0.000s
    When I subtract 4 to the calculator ... passed in 0.000s
    Then the result should be 6 ... passed in 0.000s
    And the last operation should be "subtract" ... passed in 0.000s

@scenario.end
--------------------------------------------------------------------------------
]]>
</system-out></testcase><testcase classname="calculator.calculator.Calculator" name="Arithmetic operations with two operands -- @1.3 Basic arithmetic" status="passed" time="0.002"><system-out>
<![CDATA[
@scenario.begin

  @smoke
  Scenario Outline: Arithmetic operations with two operands -- @1.3 Basic arithmetic
    Given I have a calculator ... passed in 0.000s
    And the calculator is reset ... passed in 0.000s
    Given the calculator accumulator is 3 ... passed in 0.000s
    When I multiply 4 to the calculator ... passed in 0.000s
    Then the result should be 12 ... passed in 0.000s
    And the last operation should be "multiply" ... passed in 0.000s

@scenario.end
--------------------------------------------------------------------------------
]]>
</system-out></testcase><testcase classname="calculator.calculator.Calculator" name="Arithmetic operations with two operands -- @1.4 Basic arithmetic" status="passed" time="0.002354"><system-out>
<![CDATA[
@scenario.begin

  @smoke
  Scenario Outline: Arithmetic operations with two operands -- @1.4 Basic arithmetic
    Given I have a calculator ... passed in 0.000s
    And the calculator is reset ... passed in 0.000s
    Given the calculator accumulator is 20 ... passed in 0.000s
    When I divide 4 to the calculator ... passed in 0.000s
    Then the result should be 5 ... passed in 0.001s
    And the last operation should be "divide" ... passed in 0.000s

@scenario.end
--------------------------------------------------------------------------------
]]>
</system-out></testcase><testcase classname="calculator.calculator.Calculator" name="Arithmetic operations with two operands -- @2.1 Edge cases" status="passed" time="0.001569"><system-out>
<![CDATA[
@scenario.begin

  @smoke
  Scenario Outline: Arithmetic operations with two operands -- @2.1 Edge cases
    Given I have a calculator ... passed in 0.000s
    And the calculator is reset ... passed in 0.000s
    Given the calculator accumulator is 0 ... passed in 0.000s
    When I add 0 to the calculator ... passed in 0.000s
    Then the result should be 0 ... passed in 0.000s
    And the last operation should be "add" ... passed in 0.000s

@scenario.end
--------------------------------------------------------------------------------
]]>
</system-out></testcase><testcase classname="calculator.calculator.Calculator" name="Arithmetic operations with two operands -- @2.2 Edge cases" status="passed" time="0.002439"><system-out>
<![CDATA[
@scenario.begin

  @smoke
  Scenario Outline: Arithmetic operations with two operands -- @2.2 Edge cases
    Given I have a calculator ... passed in 0.000s
    And the calculator is reset ... passed in 0.000s
    Given the calculator accumulator is 100 ... passed in 0.000s
    When I divide 100 to the calculator ... passed in 0.001s
    Then the result should be 1 ... passed in 0.000s
    And the last operation should be "divide" ... passed in 0.000s

@scenario.end
--------------------------------------------------------------------------------
]]>
</system-out></testcase><testcase classname="calculator.calculator.Calculator" name="Arithmetic operations with two operands -- @2.3 Edge cases" status="passed" time="0.001655"><system-out>
<![CDATA[
@scenario.begin

  @smoke
  Scenario Outline: Arithmetic operations with two operands -- @2.3 Edge cases
    Given I have a calculator ... passed in 0.000s
    And the calculator is reset ... passed in 0.000s
    Given the calculator accumulator is -5 ... passed in 0.000s
    When I multiply -2 to the calculator ... passed in 0.000s
    Then the result should be 10 ... passed in 0.000s
    And the last operation should be "multiply" ... passed in 0.000s

@scenario.end
--------------------------------------------------------------------------------
]]>
</system-out></testcase><testcase classname="calculator.calculator.Calculator" name="Square root of a positive number" status="passed" time="0.001418"><system-out>
<![CDATA[
@scenario.begin

  @math
  Scenario: Square root of a positive number
    Given I have a calculator ... passed in 0.000s
    And the calculator is reset ... passed in 0.000s
    When I add 16 to the calculator ... passed in 0.000s
    And I take the square root ... passed in 0.000s
    Then the result should be 4 ... passed in 0.000s

@scenario.end
--------------------------------------------------------------------------------
]]>
</system-out></testcase><testcase classname="calculator.calculator.Calculator" name="Square root of a negative number raises an error" status="passed" time="0.002414"><system-out>
<![CDATA[
@scenario.begin

  @math @negative
  Scenario: Square root of a negative number raises an error
    Given I have a calculator ... passed in 0.000s
    And the calculator is reset ... passed in 0.000s
    When I add -9 to the calculator ... passed in 0.000s
    And I take the square root ... passed in 0.001s
    Then a ValueError should be raised ... passed in 0.000s

@scenario.end
--------------------------------------------------------------------------------
]]>
</system-out></testcase></testsuite>