<testsuite name="async.async_steps.Async step support" tests="6" errors="0" failures="0" skipped="0" time="0.299221" timestamp="2026-07-01T16:18:27.281705" hostname="MathiasLaptop"><testcase classname="async.async_steps.Async step support" name="Fetching a value asynchronously" status="passed" time="0.054018"><system-out>
<![CDATA[
@scenario.begin

  @smoke
  Scenario: Fetching a value asynchronously
    When I asynchronously fetch the value for "hello" ... passed in 0.054s
    Then the async result should be "world" ... passed in 0.000s

@scenario.end
--------------------------------------------------------------------------------
]]>
</system-out></testcase><testcase classname="async.async_steps.Async step support" name="Async fetch with multiple keys -- @1.1 " status="passed" time="0.057582"><system-out>
<![CDATA[
@scenario.begin
  Scenario Outline: Async fetch with multiple keys -- @1.1 
    When I asynchronously fetch the value for "hello" ... passed in 0.057s
    Then the async result should be "world" ... passed in 0.000s

@scenario.end
--------------------------------------------------------------------------------
]]>
</system-out></testcase><testcase classname="async.async_steps.Async step support" name="Async fetch with multiple keys -- @1.2 " status="passed" time="0.057939"><system-out>
<![CDATA[
@scenario.begin
  Scenario Outline: Async fetch with multiple keys -- @1.2 
    When I asynchronously fetch the value for "behave" ... passed in 0.058s
    Then the async result should be "rocks" ... passed in 0.000s

@scenario.end
--------------------------------------------------------------------------------
]]>
</system-out></testcase><testcase classname="async.async_steps.Async step support" name="Async fetch with multiple keys -- @1.3 " status="passed" time="0.058172"><system-out>
<![CDATA[
@scenario.begin
  Scenario Outline: Async fetch with multiple keys -- @1.3 
    When I asynchronously fetch the value for "python" ... passed in 0.058s
    Then the async result should be "3.12" ... passed in 0.000s

@scenario.end
--------------------------------------------------------------------------------
]]>
</system-out></testcase><testcase classname="async.async_steps.Async step support" name="Async fetch with multiple keys -- @1.4 " status="passed" time="0.05782"><system-out>
<![CDATA[
@scenario.begin
  Scenario Outline: Async fetch with multiple keys -- @1.4 
    When I asynchronously fetch the value for "unknown" ... passed in 0.058s
    Then the async result should be "<unknown>" ... passed in 0.000s

@scenario.end
--------------------------------------------------------------------------------
]]>
</system-out></testcase><testcase classname="async.async_steps.Async step support" name="Doubling a number asynchronously" status="passed" time="0.01369"><system-out>
<![CDATA[
@scenario.begin

  @smoke
  Scenario: Doubling a number asynchronously
    When I asynchronously double the number 21 ... passed in 0.013s
    Then the async result should be 42 ... passed in 0.000s

@scenario.end
--------------------------------------------------------------------------------
]]>
</system-out></testcase></testsuite>